step 0: train loss 4.7264, val loss 4.7226
step 300: train loss 2.8099, val loss 2.8195
step 600: train loss 2.5363, val loss 2.5658
step 900: train loss 2.4867, val loss 2.5066
step 1200: train loss 2.4733, val loss 2.5005
step 1500: train loss 2.4761, val loss 2.4907
step 1800: train loss 2.4793, val loss 2.4928
step 2100: train loss 2.4693, val loss 2.4852
step 2400: train loss 2.4688, val loss 2.4863
step 2700: train loss 2.4682, val loss 2.4885

MARI hereeayokis erdel, p thour d, myono thishe me tord se by he me, Forder anen: at trselorinjullla t yoru thrd wo ththathy IUShe t ft;
S:
CLLBUTinond be jus derg e atot Mewibbjole s, ppat t JLENCOLIUS:
Op'shetes d s o ged moer pe my hear soue maramapay fo t: bushe malaly !
Dutr.
Fl ke it I t l o'ddrge tondu s?
caravavetrathackes wist pee meshancun, hrendspouthoulouren whel'?'sesoread pe, s whurgr in heredineethe;
dseds, w a lo pamit,
QUMIVIVIOTh m ne RDINid we tr ort; t:
Mald stin de:
Rinore r
